<?xml version="1.0" encoding="UTF-8"?>
<testng-results skipped="0" failed="0" ignored="0" total="2" passed="2">
  <reporter-output>
  </reporter-output>
  <suite name="Suite" duration-ms="18723" started-at="2021-12-24T14:04:09 IST" finished-at="2021-12-24T14:04:27 IST">
    <groups>
    </groups>
    <test name="Test" duration-ms="18723" started-at="2021-12-24T14:04:09 IST" finished-at="2021-12-24T14:04:27 IST">
      <class name="Tests.LoginTest">
        <test-method status="PASS" signature="initialization()[pri:0, instance:Tests.LoginTest@86be70a]" name="initialization" is-config="true" duration-ms="3151" started-at="2021-12-24T14:04:05 IST" finished-at="2021-12-24T14:04:09 IST">
          <reporter-output>
          </reporter-output>
        </test-method> <!-- initialization -->
        <test-method status="PASS" signature="navigate()[pri:0, instance:Tests.LoginTest@86be70a]" name="navigate" duration-ms="9166" started-at="2021-12-24T14:04:09 IST" finished-at="2021-12-24T14:04:18 IST">
          <reporter-output>
          </reporter-output>
        </test-method> <!-- navigate -->
        <test-method status="PASS" signature="login()[pri:0, instance:Tests.LoginTest@86be70a]" name="login" duration-ms="9434" started-at="2021-12-24T14:04:18 IST" depends-on-methods="Tests.LoginTest.navigate" finished-at="2021-12-24T14:04:27 IST">
          <reporter-output>
          </reporter-output>
        </test-method> <!-- login -->
      </class> <!-- Tests.LoginTest -->
    </test> <!-- Test -->
  </suite> <!-- Suite -->
</testng-results>
